<?xml version="1.0" encoding="UTF-8"?>
<!-- Generated by org.testng.reporters.JUnitXMLReporter -->
<testsuite hostname="LAPTOP-HHN7D2TC" ignored="4" name="Test" tests="4" failures="0" timestamp="2020-04-23T08:57:53 IST" time="41.8" errors="0">
  <testcase name="bcre" time="6.287" classname="com.ebanking.master.Branchcre"/>
  <testcase name="Rcre" time="9.581" classname="com.ebanking.master.Rolecreation"/>
  <testcase name="Rcre" time="9.224" classname="com.ebanking.master.Rolecreation"/>
  <testcase name="Rcre" time="9.191" classname="com.ebanking.master.Rolecreation"/>
  <testcase name="@BeforeTest beforeTest" time="0.0" classname="com.ebanking.master.Base">
    <ignored/>
  </testcase> <!-- @BeforeTest beforeTest -->
  <testcase name="@AfterTest afterTest" time="0.0" classname="com.ebanking.master.Base">
    <ignored/>
  </testcase> <!-- @AfterTest afterTest -->
  <testcase name="@BeforeSuite beforeSuite" time="0.0" classname="com.ebanking.master.Base">
    <ignored/>
  </testcase> <!-- @BeforeSuite beforeSuite -->
  <testcase name="@AfterSuite afterSuite" time="0.0" classname="com.ebanking.master.Base">
    <ignored/>
  </testcase> <!-- @AfterSuite afterSuite -->
</testsuite> <!-- Test -->
